<?xml version="1.0" encoding="UTF-8"?>
<!-- Generated by org.testng.reporters.JUnitReportReporter -->
<testsuite hostname="nsdldepnb658" failures="0" tests="6" name="Testfinalpage.Testpage" time="114.852" errors="0" timestamp="2024-05-23T16:33:13 IST" skipped="0">
  <testcase classname="Testfinalpage.Testpage" name="testpages" time="15.865"/>
  <testcase classname="Testfinalpage.Testpage" name="testevenformfill" time="7.730"/>
  <testcase classname="Testfinalpage.Testpage" name="testrtafilegeneration" time="10.754"/>
  <testcase classname="Testfinalpage.Testpage" name="testuploadshareholderdropdown" time="1.888"/>
  <testcase classname="Testfinalpage.Testpage" name="testclickondownloadresponsefile" time="3.585"/>
  <testcase classname="Testfinalpage.Testpage" name="testclickondownlaodevenwsepinmailerfile" time="75.030"/>
</testsuite> <!-- Testfinalpage.Testpage -->
