<?xml version="1.0" encoding="UTF-8"?>
<!-- Generated by org.testng.reporters.JUnitReportReporter -->
<testsuite hostname="nsdldepnb658" failures="0" tests="1" name="Testfinalpage.Testpage" time="244.806" errors="0" timestamp="2024-05-31T12:45:48 IST" skipped="0">
  <testcase classname="Testfinalpage.Testpage" name="mainshr" time="244.806"/>
</testsuite> <!-- Testfinalpage.Testpage -->
