<?xml version="1.0" encoding="UTF-8"?>
<!-- Generated by org.testng.reporters.JUnitReportReporter -->
<testsuite hostname="nsdldepnb658" failures="0" tests="6" name="Testfinalpage.Testpage" time="131.314" errors="0" timestamp="2024-05-28T15:59:20 IST" skipped="0">
  <testcase classname="Testfinalpage.Testpage" name="testpages" time="26.920"/>
  <testcase classname="Testfinalpage.Testpage" name="testevenformfill" time="8.710"/>
  <testcase classname="Testfinalpage.Testpage" name="testrtafilegeneration" time="7.176"/>
  <testcase classname="Testfinalpage.Testpage" name="testuploadshareholderdropdown" time="2.855"/>
  <testcase classname="Testfinalpage.Testpage" name="testclickondownloadresponsefile" time="5.035"/>
  <testcase classname="Testfinalpage.Testpage" name="testclickondownlaodevenwsepinmailerfile" time="80.618"/>
</testsuite> <!-- Testfinalpage.Testpage -->
